Using pre-set license
Built from '2020.2/release' branch; Version is '2020.2.1f1 (270dd8c3da1c) revision 2559448'; Using compiler version '192528614'; Build Type 'Release'
OS: 'Windows 10  (10.0.0) 64bit' Language: 'en' Physical Memory: 16145 MB
BatchMode: 1, IsHumanControllingUs: 0, StartBugReporterOnCrash: 0, Is64bit: 1, IsPro: 0

 COMMAND LINE ARGUMENTS:
C:\Program Files\Unity\2020.2.1f1\Editor\Unity.exe
-adb2
-batchMode
-noUpm
-name
AssetImportWorker0
-projectPath
C:/Users/angel/Desktop/School/Game Engines 4/Week10-Lab-submission
-logFile
Logs/AssetImportWorker0.log
-srvPort
52155
Successfully changed project path to: C:/Users/angel/Desktop/School/Game Engines 4/Week10-Lab-submission
C:/Users/angel/Desktop/School/Game Engines 4/Week10-Lab-submission
Using Asset Import Pipeline V2.
Refreshing native plugins compatible for Editor in 51.47 ms, found 0 plugins.
Preloading 0 native plugins for Editor in 0.00 ms.
Initialize engine version: 2020.2.1f1 (270dd8c3da1c)
[Subsystems] Discovering subsystems at path C:/Program Files/Unity/2020.2.1f1/Editor/Data/Resources/UnitySubsystems
[Subsystems] Discovering subsystems at path C:/Users/angel/Desktop/School/Game Engines 4/Week10-Lab-submission/Assets
GfxDevice: creating device client; threaded=0
Direct3D:
    Version:  Direct3D 11.0 [level 11.1]
    Renderer: NVIDIA GeForce RTX 2060 (ID=0x1f15)
    Vendor:   
    VRAM:     5980 MB
    Driver:   27.21.14.6192
Initialize mono
Mono path[0] = 'C:/Program Files/Unity/2020.2.1f1/Editor/Data/Managed'
Mono path[1] = 'C:/Program Files/Unity/2020.2.1f1/Editor/Data/MonoBleedingEdge/lib/mono/unityjit'
Mono config path = 'C:/Program Files/Unity/2020.2.1f1/Editor/Data/MonoBleedingEdge/etc'
Using monoOptions --debugger-agent=transport=dt_socket,embedding=1,server=y,suspend=n,address=127.0.0.1:56096
Begin MonoManager ReloadAssembly
Registering precompiled unity dll's ...
Register platform support module: C:/Program Files/Unity/2020.2.1f1/Editor/Data/PlaybackEngines/WebGLSupport/UnityEditor.WebGL.Extensions.dll
Register platform support module: C:/Program Files/Unity/2020.2.1f1/Editor/Data/PlaybackEngines/WindowsStandaloneSupport/UnityEditor.WindowsStandalone.Extensions.dll
Registered in 0.001635 seconds.
Native extension for WindowsStandalone target not found
Native extension for WebGL target not found
Refreshing native plugins compatible for Editor in 51.47 ms, found 0 plugins.
Preloading 0 native plugins for Editor in 0.00 ms.
Invoked RoslynAnalysisRunner static constructor.
RoslynAnalysisRunner will not be running.
RoslynAnalysisRunner has terminated.
Mono: successfully reloaded assembly
- Completed reload, in  1.466 seconds
Platform modules already initialized, skipping
Registering precompiled user dll's ...
Registered in 0.000809 seconds.
Begin MonoManager ReloadAssembly
Native extension for WindowsStandalone target not found
Native extension for WebGL target not found
Refreshing native plugins compatible for Editor in 49.48 ms, found 0 plugins.
Preloading 0 native plugins for Editor in 0.00 ms.
Invoked RoslynAnalysisRunner static constructor.
RoslynAnalysisRunner will not be running.
RoslynAnalysisRunner has terminated.
Mono: successfully reloaded assembly
- Completed reload, in  0.890 seconds
Platform modules already initialized, skipping
========================================================================
Worker process is ready to serve import requests
Launched and connected shader compiler UnityShaderCompiler.exe after 0.03 seconds
Refreshing native plugins compatible for Editor in 0.49 ms, found 0 plugins.
Preloading 0 native plugins for Editor in 0.00 ms.
Unloading 1959 Unused Serialized files (Serialized files now loaded: 0)
System memory in use before: 106.8 MB.
System memory in use after: 106.9 MB.

Unloading 106 unused Assets to reduce memory usage. Loaded Objects now: 2411.
Total: 2.654700 ms (FindLiveObjects: 0.336100 ms CreateObjectMapping: 0.183700 ms MarkObjects: 1.909600 ms  DeleteObjects: 0.224500 ms)

========================================================================
Received Import Request.
  path: Assets/Data/Prefabs/Manager
  artifactKey: Guid(3328fc9b64fd946469bc3964adc767cf) Importer(815301076,1909f56bfc062723c751e8b465ee728b)
Start importing Assets/Data/Prefabs/Manager using Guid(3328fc9b64fd946469bc3964adc767cf) Importer(815301076,1909f56bfc062723c751e8b465ee728b)  -> (artifact id: 'f8ef0af6e4ce84a64c7d86a740d1e55a') in 0.011432 seconds
  Import took 0.017384 seconds .

========================================================================
Received Prepare
Registering precompiled user dll's ...
Registered in 0.001285 seconds.
Begin MonoManager ReloadAssembly
Native extension for WindowsStandalone target not found
Native extension for WebGL target not found
Refreshing native plugins compatible for Editor in 0.48 ms, found 0 plugins.
Preloading 0 native plugins for Editor in 0.00 ms.
Warning: Annotation not found!
UnityEngine.StackTraceUtility:ExtractStackTrace ()
UnityEditor.ProBuilder.EditorUtility:SetGizmoIconEnabled (System.Type,bool) (at Library/PackageCache/com.unity.probuilder@4.4.0/Editor/EditorCore/EditorUtility.cs:593)
UnityEditor.ProBuilder.HierarchyListener:.cctor () (at Library/PackageCache/com.unity.probuilder@4.4.0/Editor/EditorCore/HierarchyListener.cs:21)
System.Runtime.CompilerServices.RuntimeHelpers:RunClassConstructor (System.RuntimeTypeHandle)
UnityEditor.EditorAssemblies:ProcessInitializeOnLoadAttributes (System.Type[])

[Library/PackageCache/com.unity.probuilder@4.4.0/Editor/EditorCore/EditorUtility.cs line 593]

Invoked RoslynAnalysisRunner static constructor.
RoslynAnalysisRunner will not be running.
RoslynAnalysisRunner has terminated.
Mono: successfully reloaded assembly
- Completed reload, in  0.776 seconds
Platform modules already initialized, skipping
Refreshing native plugins compatible for Editor in 0.49 ms, found 0 plugins.
Preloading 0 native plugins for Editor in 0.00 ms.
Unloading 1904 Unused Serialized files (Serialized files now loaded: 0)
System memory in use before: 103.8 MB.
System memory in use after: 103.9 MB.

Unloading 6 unused Assets to reduce memory usage. Loaded Objects now: 2413.
Total: 3.228500 ms (FindLiveObjects: 0.236300 ms CreateObjectMapping: 0.163500 ms MarkObjects: 2.717100 ms  DeleteObjects: 0.110700 ms)

========================================================================
Received Import Request.
  Time since last request: 35.466001 seconds.
  path: Assets/Data/Prefabs/Manager/GameManager.prefab
  artifactKey: Guid(29699a934ad24c4429b9daaae98bc256) Importer(815301076,1909f56bfc062723c751e8b465ee728b)
Start importing Assets/Data/Prefabs/Manager/GameManager.prefab using Guid(29699a934ad24c4429b9daaae98bc256) Importer(815301076,1909f56bfc062723c751e8b465ee728b)  -> (artifact id: '228602418156569bacc70feac438036f') in 0.029944 seconds
  Import took 0.032830 seconds .

========================================================================
Received Prepare
Registering precompiled user dll's ...
Registered in 0.000824 seconds.
Begin MonoManager ReloadAssembly
Native extension for WindowsStandalone target not found
Native extension for WebGL target not found
Refreshing native plugins compatible for Editor in 0.52 ms, found 0 plugins.
Preloading 0 native plugins for Editor in 0.00 ms.
Warning: Annotation not found!
UnityEngine.StackTraceUtility:ExtractStackTrace ()
UnityEditor.ProBuilder.EditorUtility:SetGizmoIconEnabled (System.Type,bool) (at Library/PackageCache/com.unity.probuilder@4.4.0/Editor/EditorCore/EditorUtility.cs:593)
UnityEditor.ProBuilder.HierarchyListener:.cctor () (at Library/PackageCache/com.unity.probuilder@4.4.0/Editor/EditorCore/HierarchyListener.cs:21)
System.Runtime.CompilerServices.RuntimeHelpers:RunClassConstructor (System.RuntimeTypeHandle)
UnityEditor.EditorAssemblies:ProcessInitializeOnLoadAttributes (System.Type[])

[Library/PackageCache/com.unity.probuilder@4.4.0/Editor/EditorCore/EditorUtility.cs line 593]

Invoked RoslynAnalysisRunner static constructor.
RoslynAnalysisRunner will not be running.
RoslynAnalysisRunner has terminated.
Mono: successfully reloaded assembly
- Completed reload, in  0.788 seconds
Platform modules already initialized, skipping
Refreshing native plugins compatible for Editor in 0.49 ms, found 0 plugins.
Preloading 0 native plugins for Editor in 0.00 ms.
Unloading 1904 Unused Serialized files (Serialized files now loaded: 0)
System memory in use before: 104.8 MB.
System memory in use after: 104.9 MB.

Unloading 6 unused Assets to reduce memory usage. Loaded Objects now: 2415.
Total: 2.142000 ms (FindLiveObjects: 0.221100 ms CreateObjectMapping: 0.096100 ms MarkObjects: 1.751600 ms  DeleteObjects: 0.072200 ms)

========================================================================
Received Prepare
Registering precompiled user dll's ...
Registered in 0.000883 seconds.
Begin MonoManager ReloadAssembly
Native extension for WindowsStandalone target not found
Native extension for WebGL target not found
Refreshing native plugins compatible for Editor in 0.55 ms, found 0 plugins.
Preloading 0 native plugins for Editor in 0.00 ms.
Warning: Annotation not found!
UnityEngine.StackTraceUtility:ExtractStackTrace ()
UnityEditor.ProBuilder.EditorUtility:SetGizmoIconEnabled (System.Type,bool) (at Library/PackageCache/com.unity.probuilder@4.4.0/Editor/EditorCore/EditorUtility.cs:593)
UnityEditor.ProBuilder.HierarchyListener:.cctor () (at Library/PackageCache/com.unity.probuilder@4.4.0/Editor/EditorCore/HierarchyListener.cs:21)
System.Runtime.CompilerServices.RuntimeHelpers:RunClassConstructor (System.RuntimeTypeHandle)
UnityEditor.EditorAssemblies:ProcessInitializeOnLoadAttributes (System.Type[])

[Library/PackageCache/com.unity.probuilder@4.4.0/Editor/EditorCore/EditorUtility.cs line 593]

Invoked RoslynAnalysisRunner static constructor.
RoslynAnalysisRunner will not be running.
RoslynAnalysisRunner has terminated.
Mono: successfully reloaded assembly
- Completed reload, in  0.979 seconds
Platform modules already initialized, skipping
Refreshing native plugins compatible for Editor in 0.55 ms, found 0 plugins.
Preloading 0 native plugins for Editor in 0.00 ms.
Unloading 1904 Unused Serialized files (Serialized files now loaded: 0)
System memory in use before: 104.8 MB.
System memory in use after: 104.9 MB.

Unloading 6 unused Assets to reduce memory usage. Loaded Objects now: 2417.
Total: 3.773100 ms (FindLiveObjects: 0.549600 ms CreateObjectMapping: 0.324900 ms MarkObjects: 2.783700 ms  DeleteObjects: 0.112700 ms)

========================================================================
Received Import Request.
  Time since last request: 700.618999 seconds.
  path: Assets/Data/Prefabs/UI/Menu Controller Canvas.prefab
  artifactKey: Guid(ef05cfa294dba314d92b38ed3dcc97c7) Importer(815301076,1909f56bfc062723c751e8b465ee728b)
Start importing Assets/Data/Prefabs/UI/Menu Controller Canvas.prefab using Guid(ef05cfa294dba314d92b38ed3dcc97c7) Importer(815301076,1909f56bfc062723c751e8b465ee728b)  -> (artifact id: '9cb4346bd8d3ba05f234307b6a8db8d0') in 0.041407 seconds
  Import took 0.044753 seconds .

========================================================================
Received Import Request.
  Time since last request: 11.065803 seconds.
  path: Assets/Data/Prefabs/UI/Menu Controller Canvas.prefab
  artifactKey: Guid(ef05cfa294dba314d92b38ed3dcc97c7) Importer(815301076,1909f56bfc062723c751e8b465ee728b)
Start importing Assets/Data/Prefabs/UI/Menu Controller Canvas.prefab using Guid(ef05cfa294dba314d92b38ed3dcc97c7) Importer(815301076,1909f56bfc062723c751e8b465ee728b)  -> (artifact id: '1c2517ff0c6ac7834d1ec7765a6beb89') in 0.006377 seconds
  Import took 0.010276 seconds .

========================================================================
Received Import Request.
  Time since last request: 0.000190 seconds.
  path: Assets/Data/Prefabs/UI/Save Slot.prefab
  artifactKey: Guid(1f70618c099b05a478c80854a68e5ea8) Importer(815301076,1909f56bfc062723c751e8b465ee728b)
Start importing Assets/Data/Prefabs/UI/Save Slot.prefab using Guid(1f70618c099b05a478c80854a68e5ea8) Importer(815301076,1909f56bfc062723c751e8b465ee728b)  -> (artifact id: '7fc23e5ff3b93174fb8a7425066dc216') in 0.008224 seconds
  Import took 0.011429 seconds .

========================================================================
Received Import Request.
  Time since last request: 21.281557 seconds.
  path: Assets/Data/Prefabs/UI/Menu Controller Canvas.prefab
  artifactKey: Guid(ef05cfa294dba314d92b38ed3dcc97c7) Importer(815301076,1909f56bfc062723c751e8b465ee728b)
Start importing Assets/Data/Prefabs/UI/Menu Controller Canvas.prefab using Guid(ef05cfa294dba314d92b38ed3dcc97c7) Importer(815301076,1909f56bfc062723c751e8b465ee728b)  -> (artifact id: 'e4fac884360f109b93f936e3856015a8') in 0.005596 seconds
  Import took 0.009376 seconds .

========================================================================
Received Prepare
Registering precompiled user dll's ...
Registered in 0.000827 seconds.
Begin MonoManager ReloadAssembly
Native extension for WindowsStandalone target not found
Native extension for WebGL target not found
Refreshing native plugins compatible for Editor in 0.61 ms, found 0 plugins.
Preloading 0 native plugins for Editor in 0.00 ms.
Warning: Annotation not found!
UnityEngine.StackTraceUtility:ExtractStackTrace ()
UnityEditor.ProBuilder.EditorUtility:SetGizmoIconEnabled (System.Type,bool) (at Library/PackageCache/com.unity.probuilder@4.4.0/Editor/EditorCore/EditorUtility.cs:593)
UnityEditor.ProBuilder.HierarchyListener:.cctor () (at Library/PackageCache/com.unity.probuilder@4.4.0/Editor/EditorCore/HierarchyListener.cs:21)
System.Runtime.CompilerServices.RuntimeHelpers:RunClassConstructor (System.RuntimeTypeHandle)
UnityEditor.EditorAssemblies:ProcessInitializeOnLoadAttributes (System.Type[])

[Library/PackageCache/com.unity.probuilder@4.4.0/Editor/EditorCore/EditorUtility.cs line 593]

Invoked RoslynAnalysisRunner static constructor.
RoslynAnalysisRunner will not be running.
RoslynAnalysisRunner has terminated.
Mono: successfully reloaded assembly
- Completed reload, in  0.790 seconds
Platform modules already initialized, skipping
Refreshing native plugins compatible for Editor in 0.61 ms, found 0 plugins.
Preloading 0 native plugins for Editor in 0.00 ms.
Unloading 1904 Unused Serialized files (Serialized files now loaded: 0)
System memory in use before: 104.3 MB.
System memory in use after: 104.4 MB.

Unloading 9 unused Assets to reduce memory usage. Loaded Objects now: 2421.
Total: 2.379800 ms (FindLiveObjects: 0.183100 ms CreateObjectMapping: 0.076600 ms MarkObjects: 1.992600 ms  DeleteObjects: 0.126600 ms)

========================================================================
Received Prepare
Registering precompiled user dll's ...
Registered in 0.001196 seconds.
Begin MonoManager ReloadAssembly
Native extension for WindowsStandalone target not found
Native extension for WebGL target not found
Refreshing native plugins compatible for Editor in 0.77 ms, found 0 plugins.
Preloading 0 native plugins for Editor in 0.00 ms.
Warning: Annotation not found!
UnityEngine.StackTraceUtility:ExtractStackTrace ()
UnityEditor.ProBuilder.EditorUtility:SetGizmoIconEnabled (System.Type,bool) (at Library/PackageCache/com.unity.probuilder@4.4.0/Editor/EditorCore/EditorUtility.cs:593)
UnityEditor.ProBuilder.HierarchyListener:.cctor () (at Library/PackageCache/com.unity.probuilder@4.4.0/Editor/EditorCore/HierarchyListener.cs:21)
System.Runtime.CompilerServices.RuntimeHelpers:RunClassConstructor (System.RuntimeTypeHandle)
UnityEditor.EditorAssemblies:ProcessInitializeOnLoadAttributes (System.Type[])

[Library/PackageCache/com.unity.probuilder@4.4.0/Editor/EditorCore/EditorUtility.cs line 593]

Invoked RoslynAnalysisRunner static constructor.
RoslynAnalysisRunner will not be running.
RoslynAnalysisRunner has terminated.
Mono: successfully reloaded assembly
- Completed reload, in  0.938 seconds
Platform modules already initialized, skipping
Refreshing native plugins compatible for Editor in 0.80 ms, found 0 plugins.
Preloading 0 native plugins for Editor in 0.00 ms.
Unloading 1904 Unused Serialized files (Serialized files now loaded: 0)
System memory in use before: 104.3 MB.
System memory in use after: 104.4 MB.

Unloading 6 unused Assets to reduce memory usage. Loaded Objects now: 2423.
Total: 2.995800 ms (FindLiveObjects: 0.494900 ms CreateObjectMapping: 0.154600 ms MarkObjects: 2.228100 ms  DeleteObjects: 0.116000 ms)

========================================================================
Received Import Request.
  Time since last request: 64.743550 seconds.
  path: Assets/Data/Prefabs/UI/Menu Controller Canvas.prefab
  artifactKey: Guid(ef05cfa294dba314d92b38ed3dcc97c7) Importer(815301076,1909f56bfc062723c751e8b465ee728b)
Start importing Assets/Data/Prefabs/UI/Menu Controller Canvas.prefab using Guid(ef05cfa294dba314d92b38ed3dcc97c7) Importer(815301076,1909f56bfc062723c751e8b465ee728b)  -> (artifact id: 'f45329c2a30387e50af53cd763c9e95f') in 0.049873 seconds
  Import took 0.053200 seconds .

========================================================================
Received Import Request.
  Time since last request: 45.252611 seconds.
  path: Assets/Data/Prefabs/UI/Menu Controller Canvas.prefab
  artifactKey: Guid(ef05cfa294dba314d92b38ed3dcc97c7) Importer(815301076,1909f56bfc062723c751e8b465ee728b)
Start importing Assets/Data/Prefabs/UI/Menu Controller Canvas.prefab using Guid(ef05cfa294dba314d92b38ed3dcc97c7) Importer(815301076,1909f56bfc062723c751e8b465ee728b)  -> (artifact id: 'de47c66f37ccc19ba0f26241fca1e405') in 0.006643 seconds
  Import took 0.011145 seconds .

========================================================================
Received Import Request.
  Time since last request: 72.545894 seconds.
  path: Assets/Data/Prefabs/UI/Menu Controller Canvas.prefab
  artifactKey: Guid(ef05cfa294dba314d92b38ed3dcc97c7) Importer(815301076,1909f56bfc062723c751e8b465ee728b)
Start importing Assets/Data/Prefabs/UI/Menu Controller Canvas.prefab using Guid(ef05cfa294dba314d92b38ed3dcc97c7) Importer(815301076,1909f56bfc062723c751e8b465ee728b)  -> (artifact id: 'e762478c59a4308f6eeed134839f889d') in 0.005285 seconds
  Import took 0.008629 seconds .

========================================================================
Received Import Request.
  Time since last request: 0.000194 seconds.
  path: Assets/Data/Prefabs/UI/Save Slot.prefab
  artifactKey: Guid(1f70618c099b05a478c80854a68e5ea8) Importer(815301076,1909f56bfc062723c751e8b465ee728b)
Start importing Assets/Data/Prefabs/UI/Save Slot.prefab using Guid(1f70618c099b05a478c80854a68e5ea8) Importer(815301076,1909f56bfc062723c751e8b465ee728b)  -> (artifact id: '01c0d7e7c146259c0b58fdee922ab1ba') in 0.003927 seconds
  Import took 0.007468 seconds .

========================================================================
Received Import Request.
  Time since last request: 33.265611 seconds.
  path: Assets/Data/Prefabs/UI/Menu Controller Canvas.prefab
  artifactKey: Guid(ef05cfa294dba314d92b38ed3dcc97c7) Importer(815301076,1909f56bfc062723c751e8b465ee728b)
Start importing Assets/Data/Prefabs/UI/Menu Controller Canvas.prefab using Guid(ef05cfa294dba314d92b38ed3dcc97c7) Importer(815301076,1909f56bfc062723c751e8b465ee728b)  -> (artifact id: '539fa9d9823c8f49f89ad289c557460d') in 0.004888 seconds
  Import took 0.008309 seconds .

========================================================================
Received Import Request.
  Time since last request: 5.223862 seconds.
  path: Assets/Data/Prefabs/UI/Menu Controller Canvas.prefab
  artifactKey: Guid(ef05cfa294dba314d92b38ed3dcc97c7) Importer(815301076,1909f56bfc062723c751e8b465ee728b)
Start importing Assets/Data/Prefabs/UI/Menu Controller Canvas.prefab using Guid(ef05cfa294dba314d92b38ed3dcc97c7) Importer(815301076,1909f56bfc062723c751e8b465ee728b)  -> (artifact id: 'c7b80dafca8a2b7bf40d20428ff52bb2') in 0.005479 seconds
  Import took 0.008769 seconds .

========================================================================
Received Import Request.
  Time since last request: 6.359694 seconds.
  path: Assets/Data/Prefabs/UI/Menu Controller Canvas.prefab
  artifactKey: Guid(ef05cfa294dba314d92b38ed3dcc97c7) Importer(815301076,1909f56bfc062723c751e8b465ee728b)
Start importing Assets/Data/Prefabs/UI/Menu Controller Canvas.prefab using Guid(ef05cfa294dba314d92b38ed3dcc97c7) Importer(815301076,1909f56bfc062723c751e8b465ee728b)  -> (artifact id: 'f9c5899b4fec71986893c91a66834c28') in 0.005852 seconds
  Import took 0.008880 seconds .

========================================================================
Received Import Request.
  Time since last request: 0.000202 seconds.
  path: Assets/Data/Prefabs/UI/Save Slot.prefab
  artifactKey: Guid(1f70618c099b05a478c80854a68e5ea8) Importer(815301076,1909f56bfc062723c751e8b465ee728b)
Start importing Assets/Data/Prefabs/UI/Save Slot.prefab using Guid(1f70618c099b05a478c80854a68e5ea8) Importer(815301076,1909f56bfc062723c751e8b465ee728b)  -> (artifact id: '34a4c8593da13a30ff86e7af07e25864') in 0.003842 seconds
  Import took 0.006957 seconds .

========================================================================
Received Import Request.
  Time since last request: 3.113064 seconds.
  path: Assets/Data/Prefabs/UI/Menu Controller Canvas.prefab
  artifactKey: Guid(ef05cfa294dba314d92b38ed3dcc97c7) Importer(815301076,1909f56bfc062723c751e8b465ee728b)
Start importing Assets/Data/Prefabs/UI/Menu Controller Canvas.prefab using Guid(ef05cfa294dba314d92b38ed3dcc97c7) Importer(815301076,1909f56bfc062723c751e8b465ee728b)  -> (artifact id: 'ae23b04827825f448d836bea4b39689c') in 0.005274 seconds
  Import took 0.008673 seconds .

========================================================================
Received Import Request.
  Time since last request: 0.000204 seconds.
  path: Assets/Data/Prefabs/UI/Save Slot.prefab
  artifactKey: Guid(1f70618c099b05a478c80854a68e5ea8) Importer(815301076,1909f56bfc062723c751e8b465ee728b)
Start importing Assets/Data/Prefabs/UI/Save Slot.prefab using Guid(1f70618c099b05a478c80854a68e5ea8) Importer(815301076,1909f56bfc062723c751e8b465ee728b)  -> (artifact id: '0e2030ffc93257ab21d5c7107c339526') in 0.003815 seconds
  Import took 0.006622 seconds .

========================================================================
Received Prepare
Registering precompiled user dll's ...
Registered in 0.000799 seconds.
Begin MonoManager ReloadAssembly
Native extension for WindowsStandalone target not found
Native extension for WebGL target not found
Refreshing native plugins compatible for Editor in 1.19 ms, found 0 plugins.
Preloading 0 native plugins for Editor in 0.00 ms.
Warning: Annotation not found!
UnityEngine.StackTraceUtility:ExtractStackTrace ()
UnityEditor.ProBuilder.EditorUtility:SetGizmoIconEnabled (System.Type,bool) (at Library/PackageCache/com.unity.probuilder@4.4.0/Editor/EditorCore/EditorUtility.cs:593)
UnityEditor.ProBuilder.HierarchyListener:.cctor () (at Library/PackageCache/com.unity.probuilder@4.4.0/Editor/EditorCore/HierarchyListener.cs:21)
System.Runtime.CompilerServices.RuntimeHelpers:RunClassConstructor (System.RuntimeTypeHandle)
UnityEditor.EditorAssemblies:ProcessInitializeOnLoadAttributes (System.Type[])

[Library/PackageCache/com.unity.probuilder@4.4.0/Editor/EditorCore/EditorUtility.cs line 593]

Invoked RoslynAnalysisRunner static constructor.
RoslynAnalysisRunner will not be running.
RoslynAnalysisRunner has terminated.
Mono: successfully reloaded assembly
- Completed reload, in  0.903 seconds
Platform modules already initialized, skipping
Refreshing native plugins compatible for Editor in 0.65 ms, found 0 plugins.
Preloading 0 native plugins for Editor in 0.00 ms.
Unloading 1904 Unused Serialized files (Serialized files now loaded: 0)
System memory in use before: 104.3 MB.
System memory in use after: 104.4 MB.

Unloading 9 unused Assets to reduce memory usage. Loaded Objects now: 2425.
Total: 2.576300 ms (FindLiveObjects: 0.204000 ms CreateObjectMapping: 0.084800 ms MarkObjects: 2.205200 ms  DeleteObjects: 0.080200 ms)

========================================================================
Received Prepare
Registering precompiled user dll's ...
Registered in 0.000836 seconds.
Begin MonoManager ReloadAssembly
Native extension for WindowsStandalone target not found
Native extension for WebGL target not found
Refreshing native plugins compatible for Editor in 0.63 ms, found 0 plugins.
Preloading 0 native plugins for Editor in 0.00 ms.
Warning: Annotation not found!
UnityEngine.StackTraceUtility:ExtractStackTrace ()
UnityEditor.ProBuilder.EditorUtility:SetGizmoIconEnabled (System.Type,bool) (at Library/PackageCache/com.unity.probuilder@4.4.0/Editor/EditorCore/EditorUtility.cs:593)
UnityEditor.ProBuilder.HierarchyListener:.cctor () (at Library/PackageCache/com.unity.probuilder@4.4.0/Editor/EditorCore/HierarchyListener.cs:21)
System.Runtime.CompilerServices.RuntimeHelpers:RunClassConstructor (System.RuntimeTypeHandle)
UnityEditor.EditorAssemblies:ProcessInitializeOnLoadAttributes (System.Type[])

[Library/PackageCache/com.unity.probuilder@4.4.0/Editor/EditorCore/EditorUtility.cs line 593]

Invoked RoslynAnalysisRunner static constructor.
RoslynAnalysisRunner will not be running.
RoslynAnalysisRunner has terminated.
Mono: successfully reloaded assembly
- Completed reload, in  0.839 seconds
Platform modules already initialized, skipping
Refreshing native plugins compatible for Editor in 0.71 ms, found 0 plugins.
Preloading 0 native plugins for Editor in 0.00 ms.
Unloading 1904 Unused Serialized files (Serialized files now loaded: 0)
System memory in use before: 104.2 MB.
System memory in use after: 104.3 MB.

Unloading 6 unused Assets to reduce memory usage. Loaded Objects now: 2427.
Total: 3.198900 ms (FindLiveObjects: 0.328200 ms CreateObjectMapping: 0.156900 ms MarkObjects: 2.602000 ms  DeleteObjects: 0.109900 ms)

========================================================================
Received Prepare
Registering precompiled user dll's ...
Registered in 0.001115 seconds.
Begin MonoManager ReloadAssembly
Native extension for WindowsStandalone target not found
Native extension for WebGL target not found
Refreshing native plugins compatible for Editor in 0.64 ms, found 0 plugins.
Preloading 0 native plugins for Editor in 0.00 ms.
Warning: Annotation not found!
UnityEngine.StackTraceUtility:ExtractStackTrace ()
UnityEditor.ProBuilder.EditorUtility:SetGizmoIconEnabled (System.Type,bool) (at Library/PackageCache/com.unity.probuilder@4.4.0/Editor/EditorCore/EditorUtility.cs:593)
UnityEditor.ProBuilder.HierarchyListener:.cctor () (at Library/PackageCache/com.unity.probuilder@4.4.0/Editor/EditorCore/HierarchyListener.cs:21)
System.Runtime.CompilerServices.RuntimeHelpers:RunClassConstructor (System.RuntimeTypeHandle)
UnityEditor.EditorAssemblies:ProcessInitializeOnLoadAttributes (System.Type[])

[Library/PackageCache/com.unity.probuilder@4.4.0/Editor/EditorCore/EditorUtility.cs line 593]

Invoked RoslynAnalysisRunner static constructor.
RoslynAnalysisRunner will not be running.
RoslynAnalysisRunner has terminated.
Mono: successfully reloaded assembly
- Completed reload, in  0.972 seconds
Platform modules already initialized, skipping
Refreshing native plugins compatible for Editor in 0.62 ms, found 0 plugins.
Preloading 0 native plugins for Editor in 0.00 ms.
Unloading 1904 Unused Serialized files (Serialized files now loaded: 0)
System memory in use before: 104.4 MB.
System memory in use after: 104.4 MB.

Unloading 6 unused Assets to reduce memory usage. Loaded Objects now: 2429.
Total: 3.483500 ms (FindLiveObjects: 0.398900 ms CreateObjectMapping: 0.296400 ms MarkObjects: 2.697800 ms  DeleteObjects: 0.089000 ms)

========================================================================
Received Prepare
Registering precompiled user dll's ...
Registered in 0.000737 seconds.
Begin MonoManager ReloadAssembly
Native extension for WindowsStandalone target not found
Native extension for WebGL target not found
Refreshing native plugins compatible for Editor in 0.48 ms, found 0 plugins.
Preloading 0 native plugins for Editor in 0.00 ms.
Warning: Annotation not found!
UnityEngine.StackTraceUtility:ExtractStackTrace ()
UnityEditor.ProBuilder.EditorUtility:SetGizmoIconEnabled (System.Type,bool) (at Library/PackageCache/com.unity.probuilder@4.4.0/Editor/EditorCore/EditorUtility.cs:593)
UnityEditor.ProBuilder.HierarchyListener:.cctor () (at Library/PackageCache/com.unity.probuilder@4.4.0/Editor/EditorCore/HierarchyListener.cs:21)
System.Runtime.CompilerServices.RuntimeHelpers:RunClassConstructor (System.RuntimeTypeHandle)
UnityEditor.EditorAssemblies:ProcessInitializeOnLoadAttributes (System.Type[])

[Library/PackageCache/com.unity.probuilder@4.4.0/Editor/EditorCore/EditorUtility.cs line 593]

Invoked RoslynAnalysisRunner static constructor.
RoslynAnalysisRunner will not be running.
RoslynAnalysisRunner has terminated.
Mono: successfully reloaded assembly
- Completed reload, in  0.746 seconds
Platform modules already initialized, skipping
Refreshing native plugins compatible for Editor in 0.59 ms, found 0 plugins.
Preloading 0 native plugins for Editor in 0.00 ms.
Unloading 1904 Unused Serialized files (Serialized files now loaded: 0)
System memory in use before: 104.4 MB.
System memory in use after: 104.4 MB.

Unloading 6 unused Assets to reduce memory usage. Loaded Objects now: 2431.
Total: 2.109800 ms (FindLiveObjects: 0.253200 ms CreateObjectMapping: 0.096000 ms MarkObjects: 1.682400 ms  DeleteObjects: 0.076800 ms)

========================================================================
Received Prepare
Registering precompiled user dll's ...
Registered in 0.001478 seconds.
Begin MonoManager ReloadAssembly
Native extension for WindowsStandalone target not found
Native extension for WebGL target not found
Refreshing native plugins compatible for Editor in 0.56 ms, found 0 plugins.
Preloading 0 native plugins for Editor in 0.00 ms.
Warning: Annotation not found!
UnityEngine.StackTraceUtility:ExtractStackTrace ()
UnityEditor.ProBuilder.EditorUtility:SetGizmoIconEnabled (System.Type,bool) (at Library/PackageCache/com.unity.probuilder@4.4.0/Editor/EditorCore/EditorUtility.cs:593)
UnityEditor.ProBuilder.HierarchyListener:.cctor () (at Library/PackageCache/com.unity.probuilder@4.4.0/Editor/EditorCore/HierarchyListener.cs:21)
System.Runtime.CompilerServices.RuntimeHelpers:RunClassConstructor (System.RuntimeTypeHandle)
UnityEditor.EditorAssemblies:ProcessInitializeOnLoadAttributes (System.Type[])

[Library/PackageCache/com.unity.probuilder@4.4.0/Editor/EditorCore/EditorUtility.cs line 593]

Invoked RoslynAnalysisRunner static constructor.
RoslynAnalysisRunner will not be running.
RoslynAnalysisRunner has terminated.
Mono: successfully reloaded assembly
- Completed reload, in  0.818 seconds
Platform modules already initialized, skipping
Refreshing native plugins compatible for Editor in 0.65 ms, found 0 plugins.
Preloading 0 native plugins for Editor in 0.00 ms.
Unloading 1904 Unused Serialized files (Serialized files now loaded: 0)
System memory in use before: 104.4 MB.
System memory in use after: 104.5 MB.

Unloading 6 unused Assets to reduce memory usage. Loaded Objects now: 2433.
Total: 2.050800 ms (FindLiveObjects: 0.240300 ms CreateObjectMapping: 0.079700 ms MarkObjects: 1.655900 ms  DeleteObjects: 0.073700 ms)

========================================================================
Received Prepare
Registering precompiled user dll's ...
Registered in 0.000851 seconds.
Begin MonoManager ReloadAssembly
Native extension for WindowsStandalone target not found
Native extension for WebGL target not found
Refreshing native plugins compatible for Editor in 0.66 ms, found 0 plugins.
Preloading 0 native plugins for Editor in 0.00 ms.
Warning: Annotation not found!
UnityEngine.StackTraceUtility:ExtractStackTrace ()
UnityEditor.ProBuilder.EditorUtility:SetGizmoIconEnabled (System.Type,bool) (at Library/PackageCache/com.unity.probuilder@4.4.0/Editor/EditorCore/EditorUtility.cs:593)
UnityEditor.ProBuilder.HierarchyListener:.cctor () (at Library/PackageCache/com.unity.probuilder@4.4.0/Editor/EditorCore/HierarchyListener.cs:21)
System.Runtime.CompilerServices.RuntimeHelpers:RunClassConstructor (System.RuntimeTypeHandle)
UnityEditor.EditorAssemblies:ProcessInitializeOnLoadAttributes (System.Type[])

[Library/PackageCache/com.unity.probuilder@4.4.0/Editor/EditorCore/EditorUtility.cs line 593]

Invoked RoslynAnalysisRunner static constructor.
RoslynAnalysisRunner will not be running.
RoslynAnalysisRunner has terminated.
Mono: successfully reloaded assembly
- Completed reload, in  0.912 seconds
Platform modules already initialized, skipping
Refreshing native plugins compatible for Editor in 0.60 ms, found 0 plugins.
Preloading 0 native plugins for Editor in 0.00 ms.
Unloading 1904 Unused Serialized files (Serialized files now loaded: 0)
System memory in use before: 104.1 MB.
System memory in use after: 104.2 MB.

Unloading 6 unused Assets to reduce memory usage. Loaded Objects now: 2435.
Total: 3.252200 ms (FindLiveObjects: 0.269100 ms CreateObjectMapping: 0.102700 ms MarkObjects: 2.800700 ms  DeleteObjects: 0.077800 ms)

AssetImportWorkerClient::OnTransportError - code=2 error=End of file
